Operating system: Linux
                  0.0.0 Linux 4.18.0-477.13.1.el8_8.x86_64 #1 SMP Thu May 18 10:27:05 EDT 2023 x86_64
CPU: amd64
     family 6 model 60 stepping 3
     1 CPU

GPU: UNKNOWN

Crash reason:  DUMP_REQUESTED
Crash address: 0x6a952406
Process uptime: not available

Thread 0 (crashed)
 0  libcbreakpad.so + 0x36406
    rax = 0x0000000046f09109   rdx = 0x0000000000000000
    rcx = 0x00007f7f6a950cb2   rbx = 0x00007f7f68cfe5e0
    rsi = 0x0000000000000001   rdi = 0x00007f7f68cfdf68
    rbp = 0x00007f7f68cfe520   rsp = 0x00007f7f68cfded0
     r8 = 0x0000000000000000    r9 = 0x0000000000000000
    r10 = 0x0000000046f09109   r11 = 0x00007f7f6a927ac8
    r12 = 0x0000000000000000   r13 = 0x00007f7f68cfe8d8
    r14 = 0x00007f7f68cfe560   r15 = 0x00000000059d186c
    rip = 0x00007f7f6a952406
    Found by: given as instruction pointer in context
 1  libcbreakpad.so + 0x34672
    rbp = 0x00007f7f68cfe670   rsp = 0x00007f7f68cfe530
    rip = 0x00007f7f6a950672
    Found by: previous frame's frame pointer

Loaded modules:
0x00400000 - 0x0250efff  xmsim  ???  (main)
0x7f7f67e6d000 - 0x7f7f67e7cfff  waves.dsn  ???
0x7f7f67e7d000 - 0x7f7f67edbfff  libdwapi.so  ???
0x7f7f6844e000 - 0x7f7f68464fff  libml_uvm.so  ???
0x7f7f68d2c000 - 0x7f7f68e3afff  libStrapNC.so  ???
0x7f7f68ef1000 - 0x7f7f68f82fff  libdcapi.so  ???
0x7f7f68fb2000 - 0x7f7f69034fff  libpcre2-8.so.0.7.1  ???
0x7f7f69236000 - 0x7f7f6925cfff  libselinux.so.1  ???
0x7f7f69461000 - 0x7f7f69467fff  libuuid.so.1.3.0  ???
0x7f7f69669000 - 0x7f7f696b5fff  libblkid.so.1.1.0  ???
0x7f7f698bc000 - 0x7f7f69911fff  libmount.so.1.1.0  ???
0x7f7f69b16000 - 0x7f7f69b1cfff  librt-2.28.so  ???
0x7f7f69d1e000 - 0x7f7f69dbdfff  libnss_myhostname.so.2  ???
0x7f7f69fc5000 - 0x7f7f69fd8fff  libresolv-2.28.so  ???
0x7f7f6a1dd000 - 0x7f7f6a1e1fff  libnss_dns-2.28.so  ???
0x7f7f6a3e4000 - 0x7f7f6a3eefff  libnss_files-2.28.so  ???
0x7f7f6a5f7000 - 0x7f7f6a600fff  libnss_sss.so.2  ???
0x7f7f6a883000 - 0x7f7f6a912fff  libxmjudy.so.1.0.3  ???
0x7f7f6a91c000 - 0x7f7f6a96ffff  libcbreakpad.so  ???  (WARNING: No symbols, libcbreakpad.so, 1A0F7F62185D2C02CF86A6E6B7CC82920)
0x7f7f6a98d000 - 0x7f7f6ab47fff  libc-2.28.so  ???
0x7f7f6ad52000 - 0x7f7f6ad65fff  libgcc_s.so.1  ???
0x7f7f6ad6c000 - 0x7f7f6aeebfff  libm-2.28.so  ???
0x7f7f6b0ee000 - 0x7f7f6b0f0fff  libdl-2.28.so  ???
0x7f7f6b2f2000 - 0x7f7f6b30cfff  libpthread-2.28.so  ???
0x7f7f6b512000 - 0x7f7f6b53ffff  ld-2.28.so  ???
0x7f7f6b552000 - 0x7f7f6b6d0fff  libstdc++.so.6.0.28  ???
0x7f7f6b733000 - 0x7f7f6b737fff  libxdt.so  ???
0x7ffd6df5f000 - 0x7ffd6df60fff  linux-gate.so  ???

******BACKTRACE*****
vserror (xmsim) [0x1a000b7]
serror (xmsim) [0x1a01ce5]
sv_seghandler_aux (xmsim) [0xc0c97e]
sv_seghandler (xmsim) [0xc0d23d]
******BACKTRACE END*****