Operating system: Linux
                  0.0.0 Linux 4.18.0-477.13.1.el8_8.x86_64 #1 SMP Thu May 18 10:27:05 EDT 2023 x86_64
CPU: amd64
     family 6 model 60 stepping 3
     1 CPU

GPU: UNKNOWN

Crash reason:  DUMP_REQUESTED
Crash address: 0x5ef22406
Process uptime: not available

Thread 0 (crashed)
 0  libcbreakpad.so + 0x36406
    rax = 0x0000000046f09109   rdx = 0x0000000000000000
    rcx = 0x00007fa95ef20cb2   rbx = 0x00007fa95d2ce5e0
    rsi = 0x0000000000000001   rdi = 0x00007fa95d2cdf68
    rbp = 0x00007fa95d2ce520   rsp = 0x00007fa95d2cded0
     r8 = 0x0000000000000000    r9 = 0x0000000000000000
    r10 = 0x0000000046f09109   r11 = 0x00007fa95eef7ac8
    r12 = 0x0000000000000000   r13 = 0x00007fa95d2ce8d8
    r14 = 0x00007fa95d2ce560   r15 = 0x0000000004eb348c
    rip = 0x00007fa95ef22406
    Found by: given as instruction pointer in context
 1  libcbreakpad.so + 0x34672
    rbp = 0x00007fa95d2ce670   rsp = 0x00007fa95d2ce530
    rip = 0x00007fa95ef20672
    Found by: previous frame's frame pointer

Loaded modules:
0x00400000 - 0x0250efff  xmsim  ???  (main)
0x7fa95c410000 - 0x7fa95c41ffff  waves.dsn  ???
0x7fa95c420000 - 0x7fa95c47efff  libdwapi.so  ???
0x7fa95ca1e000 - 0x7fa95ca34fff  libml_uvm.so  ???
0x7fa95d2fc000 - 0x7fa95d40afff  libStrapNC.so  ???
0x7fa95d4c1000 - 0x7fa95d552fff  libdcapi.so  ???
0x7fa95d582000 - 0x7fa95d604fff  libpcre2-8.so.0.7.1  ???
0x7fa95d806000 - 0x7fa95d82cfff  libselinux.so.1  ???
0x7fa95da31000 - 0x7fa95da37fff  libuuid.so.1.3.0  ???
0x7fa95dc39000 - 0x7fa95dc85fff  libblkid.so.1.1.0  ???
0x7fa95de8c000 - 0x7fa95dee1fff  libmount.so.1.1.0  ???
0x7fa95e0e6000 - 0x7fa95e0ecfff  librt-2.28.so  ???
0x7fa95e2ee000 - 0x7fa95e38dfff  libnss_myhostname.so.2  ???
0x7fa95e595000 - 0x7fa95e5a8fff  libresolv-2.28.so  ???
0x7fa95e7ad000 - 0x7fa95e7b1fff  libnss_dns-2.28.so  ???
0x7fa95e9b4000 - 0x7fa95e9befff  libnss_files-2.28.so  ???
0x7fa95ebc7000 - 0x7fa95ebd0fff  libnss_sss.so.2  ???
0x7fa95ee53000 - 0x7fa95eee2fff  libxmjudy.so.1.0.3  ???
0x7fa95eeec000 - 0x7fa95ef3ffff  libcbreakpad.so  ???  (WARNING: No symbols, libcbreakpad.so, 1A0F7F62185D2C02CF86A6E6B7CC82920)
0x7fa95ef5d000 - 0x7fa95f117fff  libc-2.28.so  ???
0x7fa95f322000 - 0x7fa95f335fff  libgcc_s.so.1  ???
0x7fa95f33c000 - 0x7fa95f4bbfff  libm-2.28.so  ???
0x7fa95f6be000 - 0x7fa95f6c0fff  libdl-2.28.so  ???
0x7fa95f8c2000 - 0x7fa95f8dcfff  libpthread-2.28.so  ???
0x7fa95fae2000 - 0x7fa95fb0ffff  ld-2.28.so  ???
0x7fa95fb22000 - 0x7fa95fca0fff  libstdc++.so.6.0.28  ???
0x7fa95fd03000 - 0x7fa95fd07fff  libxdt.so  ???
0x7fff233e8000 - 0x7fff233e9fff  linux-gate.so  ???

******BACKTRACE*****
vserror (xmsim) [0x1a000b7]
serror (xmsim) [0x1a01ce5]
sv_seghandler_aux (xmsim) [0xc0c97e]
sv_seghandler (xmsim) [0xc0d23d]
******BACKTRACE END*****