xrun(64): 22.09-s007: (c) Copyright 1995-2023 Cadence Design Systems, Inc.
TOOL:	xrun(64)	22.09-s007: Started on Jun 05, 2023 at 11:46:54 -03
xrun
	-sv
	-access rwc
	+incdir+../../../bench/verilog
	+incdir+../../../rtl/verilog
	-input shm.tcl
	../../../rtl/verilog/i2c_master_bit_ctrl.v
	../../../rtl/verilog/i2c_master_byte_ctrl.v
	../../../rtl/verilog/i2c_master_top.v
	../../../bench/verilog/i2c_slave_model.v
	../../../bench/verilog/wb_master_model.v
	../../../bench/verilog/tst_bench_top.v
file: ../../../rtl/verilog/i2c_master_bit_ctrl.v
	module worklib.i2c_master_bit_ctrl:v
		errors: 0, warnings: 0
file: ../../../rtl/verilog/i2c_master_byte_ctrl.v
	module worklib.i2c_master_byte_ctrl:v
		errors: 0, warnings: 0
file: ../../../rtl/verilog/i2c_master_top.v
	module worklib.i2c_master_top:v
		errors: 0, warnings: 0
file: ../../../bench/verilog/i2c_slave_model.v
	module worklib.i2c_slave_model:v
		errors: 0, warnings: 0
file: ../../../bench/verilog/wb_master_model.v
	module worklib.wb_master_model:v
		errors: 0, warnings: 0
file: ../../../bench/verilog/tst_bench_top.v
	module worklib.tst_bench_top:v
		errors: 0, warnings: 0
	module worklib.delay:v
		errors: 0, warnings: 0
xmvlog: *W,SPDUSD: Include directory ../../../bench/verilog given but not used.
	Total errors/warnings found outside modules and primitives:
		errors: 0, warnings: 1
		Caching library 'worklib' ....... Done
	Elaborating the design hierarchy:
	Top level design units:
		tst_bench_top
xmelab: *W,DSEMEL: This SystemVerilog design will be simulated as per IEEE 1800-2009 SystemVerilog simulation semantics. Use -disable_sem2009 option for turning off SV 2009 simulation semantics.
	Building instance overlay tables: .................... Done
	Generating native compiled code:
		worklib.delay:v <0x7750f14d>
			streams:   0, words:     0
		worklib.delay:v <0x5eeae34b>
			streams:   0, words:     0
		worklib.i2c_master_bit_ctrl:v <0x5868ac83>
			streams:  41, words: 33222
		worklib.i2c_master_byte_ctrl:v <0x6f61cc5b>
			streams:  31, words: 20371
		worklib.i2c_master_top:v <0x4c52b1a1>
			streams:  35, words: 18668
		worklib.tst_bench_top:v <0x1680e642>
			streams:  15, words: 66556
		worklib.i2c_slave_model:v <0x33284a7b>
			streams:  28, words: 23258
		worklib.wb_master_model:v <0x053dc613>
			streams:   4, words:  9877
	Building instance specific data structures.
	Loading native compiled code:     .................... Done
	Design hierarchy summary:
		                  Instances  Unique
		Modules:                 13       7
		Primitives:               2       1
		Timing outputs:           4       1
		Registers:              121      77
		Scalar wires:           101       -
		Expanded wires:           6       2
		Vectored wires:          15       -
		Always blocks:           52      30
		Initial blocks:           3       3
		Cont. assignments:       33      34
		Pseudo assignments:      16      12
		Timing checks:            6       4
		Simulation timescale:  10ps
	Writing initial simulation snapshot: worklib.tst_bench_top:v
Loading snapshot worklib.tst_bench_top:v .................... Done
xmsim: *W,DSEM2009: This SystemVerilog design is simulated as per IEEE 1800-2009 SystemVerilog simulation semantics. Use -disable_sem2009 option for turning off SV 2009 simulation semantics.
xcelium> source /opt/cadence/XCELIUM2209/tools/xcelium/files/xmsimrc
xcelium> database -open waves -shm
Created SHM database waves
xcelium> probe -create tst_bench_top -depth all -all -memories -shm -database waves
Created probe 1
xcelium> run 18 ms -absolute
xmsim: *F,INTERR: INTERNAL EXCEPTION
Observed simulation time : 0 FS + 0
-----------------------------------------------------------------
The tool has encountered an unexpected condition and must exit.
Contact Cadence Design Systems customer support about this
problem and provide enough information to help us reproduce it,
including the logfile that contains this error message.
  TOOL:	xmsim(64)	22.09-s007
  HOSTNAME: computer226
  OPERATING SYSTEM: Linux 4.18.0-477.13.1.el8_8.x86_64 #1 SMP Thu May 18 10:27:05 EDT 2023 x86_64
  MESSAGE: T(0): sv_seghandler - trapno -1 addr(0x4eb348c)
	Stream rts_xfer
-----------------------------------------------------------------
csi-xmsim - CSI: Cadence Support Investigation, sending details to /home/xmen/Microeletronica/TCC/i2c/trunk/sim/i2c_verilog/run/xmsim_19048.err
